1684624519: mosquitto version 2.0.15 starting
1684624519: Config loaded from /mosquitto/config/mosquitto.conf.
1684624519: Opening ipv4 listen socket on port 1883.
1684624519: Opening ipv6 listen socket on port 1883.
1684624519: mosquitto version 2.0.15 running
1684637215: mosquitto version 2.0.15 starting
1684637215: Config loaded from /mosquitto/config/mosquitto.conf.
1684637215: Opening ipv4 listen socket on port 1883.
1684637215: Opening ipv6 listen socket on port 1883.
1684637215: mosquitto version 2.0.15 running
1684638676: mosquitto version 2.0.15 terminating
1684638676: Saving in-memory database to /mosquitto/data//mosquitto.db.
1684638703: mosquitto version 2.0.15 starting
1684638703: Config loaded from /mosquitto/config/mosquitto.conf.
1684638703: Opening ipv4 listen socket on port 1883.
1684638703: Opening ipv6 listen socket on port 1883.
1684638703: mosquitto version 2.0.15 running
1684640201: mosquitto version 2.0.15 terminating
1684640201: Saving in-memory database to /mosquitto/data//mosquitto.db.
1684640214: mosquitto version 2.0.15 starting
1684640214: Config loaded from /mosquitto/config/mosquitto.conf.
1684640214: Opening ipv4 listen socket on port 1883.
1684640214: Opening ipv6 listen socket on port 1883.
1684640214: mosquitto version 2.0.15 running
1684642014: Saving in-memory database to /mosquitto/data//mosquitto.db.
1684642169: mosquitto version 2.0.15 terminating
1684642169: Saving in-memory database to /mosquitto/data//mosquitto.db.
1684642194: mosquitto version 2.0.15 starting
1684642194: Config loaded from /mosquitto/config/mosquitto.conf.
1684642194: Opening ipv4 listen socket on port 1883.
1684642194: Opening ipv6 listen socket on port 1883.
1684642194: mosquitto version 2.0.15 running
1684642621: mosquitto version 2.0.15 terminating
1684642621: Saving in-memory database to /mosquitto/data//mosquitto.db.
1684642645: mosquitto version 2.0.15 starting
1684642645: Config loaded from /mosquitto/config/mosquitto.conf.
1684642645: Opening ipv4 listen socket on port 1883.
1684642645: Opening ipv6 listen socket on port 1883.
1684642645: mosquitto version 2.0.15 running
1684642686: mosquitto version 2.0.15 terminating
1684642686: Saving in-memory database to /mosquitto/data//mosquitto.db.
1684642695: mosquitto version 2.0.15 starting
1684642695: Config loaded from /mosquitto/config/mosquitto.conf.
1684642695: Opening ipv4 listen socket on port 1883.
1684642695: Opening ipv6 listen socket on port 1883.
1684642695: mosquitto version 2.0.15 running
1684643010: mosquitto version 2.0.15 terminating
1684643010: Saving in-memory database to /mosquitto/data//mosquitto.db.
